{"C:\\Users\\king1\\Desktop\\Practice\\connectedplatform\\github_reposit_new\\LGEE\\frontend\\src\\setupProxy.js": {"path":"C:\\Users\\king1\\Desktop\\Practice\\connectedplatform\\github_reposit_new\\LGEE\\frontend\\src\\setupProxy.js","statementMap":{"0":{"start":{"line":1,"column":34},"end":{"line":1,"column":66}},"1":{"start":{"line":3,"column":0},"end":{"line":11,"column":2}},"2":{"start":{"line":4,"column":2},"end":{"line":10,"column":4}}},"fnMap":{"0":{"name":"(anonymous_0)","decl":{"start":{"line":3,"column":17},"end":{"line":3,"column":18}},"loc":{"start":{"line":3,"column":31},"end":{"line":11,"column":1}},"line":3}},"branchMap":{},"s":{"0":0,"1":0,"2":0},"f":{"0":0},"b":{}}
,"C:\\Users\\king1\\Desktop\\Practice\\connectedplatform\\github_reposit_new\\LGEE\\frontend\\src\\App\\App.js": {"path":"C:\\Users\\king1\\Desktop\\Practice\\connectedplatform\\github_reposit_new\\LGEE\\frontend\\src\\App\\App.js","statementMap":{"0":{"start":{"line":22,"column":12},"end":{"line":63,"column":1}},"1":{"start":{"line":41,"column":41},"end":{"line":41,"column":74}},"2":{"start":{"line":42,"column":20},"end":{"line":42,"column":36}},"3":{"start":{"line":43,"column":21},"end":{"line":43,"column":38}},"4":{"start":{"line":44,"column":1},"end":{"line":44,"column":35}},"5":{"start":{"line":45,"column":14},"end":{"line":45,"column":59}},"6":{"start":{"line":45,"column":39},"end":{"line":45,"column":56}},"7":{"start":{"line":46,"column":1},"end":{"line":52,"column":2}},"8":{"start":{"line":47,"column":2},"end":{"line":51,"column":4}},"9":{"start":{"line":53,"column":1},"end":{"line":62,"column":3}}},"fnMap":{"0":{"name":"(anonymous_0)","decl":{"start":{"line":22,"column":12},"end":{"line":22,"column":13}},"loc":{"start":{"line":22,"column":23},"end":{"line":63,"column":1}},"line":22},"1":{"name":"(anonymous_1)","decl":{"start":{"line":45,"column":26},"end":{"line":45,"column":27}},"loc":{"start":{"line":45,"column":37},"end":{"line":45,"column":58}},"line":45}},"branchMap":{"0":{"loc":{"start":{"line":46,"column":1},"end":{"line":52,"column":2}},"type":"if","locations":[{"start":{"line":46,"column":1},"end":{"line":52,"column":2}},{"start":{},"end":{}}],"line":46}},"s":{"0":1,"1":5,"2":4,"3":4,"4":4,"5":0,"6":0,"7":0,"8":0,"9":0},"f":{"0":5,"1":0},"b":{"0":[0,0]},"_coverageSchema":"1a1c01bbd47fc00a2c39e90264f33305004495a9","hash":"4536cdc261dca3af8fcaf6068155852622a40f37"}
,"C:\\Users\\king1\\Desktop\\Practice\\connectedplatform\\github_reposit_new\\LGEE\\frontend\\src\\App\\AppState.js": {"path":"C:\\Users\\king1\\Desktop\\Practice\\connectedplatform\\github_reposit_new\\LGEE\\frontend\\src\\App\\AppState.js","statementMap":{"0":{"start":{"line":9,"column":32},"end":{"line":13,"column":7}},"1":{"start":{"line":10,"column":1},"end":{"line":13,"column":7}},"2":{"start":{"line":11,"column":21},"end":{"line":11,"column":29}},"3":{"start":{"line":12,"column":2},"end":{"line":12,"column":44}},"4":{"start":{"line":15,"column":31},"end":{"line":19,"column":7}},"5":{"start":{"line":16,"column":1},"end":{"line":19,"column":7}},"6":{"start":{"line":17,"column":2},"end":{"line":17,"column":32}},"7":{"start":{"line":18,"column":2},"end":{"line":18,"column":11}},"8":{"start":{"line":21,"column":37},"end":{"line":27,"column":22}},"9":{"start":{"line":22,"column":1},"end":{"line":27,"column":22}},"10":{"start":{"line":23,"column":2},"end":{"line":23,"column":39}},"11":{"start":{"line":24,"column":2},"end":{"line":26,"column":5}},"12":{"start":{"line":29,"column":30},"end":{"line":32,"column":7}},"13":{"start":{"line":30,"column":1},"end":{"line":32,"column":7}},"14":{"start":{"line":31,"column":2},"end":{"line":31,"column":26}},"15":{"start":{"line":34,"column":31},"end":{"line":38,"column":7}},"16":{"start":{"line":35,"column":1},"end":{"line":38,"column":7}},"17":{"start":{"line":36,"column":2},"end":{"line":36,"column":29}},"18":{"start":{"line":37,"column":2},"end":{"line":37,"column":13}},"19":{"start":{"line":40,"column":34},"end":{"line":47,"column":1}},"20":{"start":{"line":42,"column":17},"end":{"line":42,"column":30}},"21":{"start":{"line":43,"column":1},"end":{"line":46,"column":8}},"22":{"start":{"line":44,"column":2},"end":{"line":44,"column":30}},"23":{"start":{"line":45,"column":2},"end":{"line":45,"column":29}},"24":{"start":{"line":50,"column":32},"end":{"line":79,"column":1}},"25":{"start":{"line":51,"column":32},"end":{"line":51,"column":57}},"26":{"start":{"line":53,"column":2},"end":{"line":53,"column":47}},"27":{"start":{"line":54,"column":28},"end":{"line":54,"column":52}},"28":{"start":{"line":55,"column":30},"end":{"line":55,"column":50}},"29":{"start":{"line":57,"column":1},"end":{"line":78,"column":76}},"30":{"start":{"line":58,"column":17},"end":{"line":63,"column":3}},"31":{"start":{"line":65,"column":2},"end":{"line":69,"column":3}},"32":{"start":{"line":66,"column":3},"end":{"line":68,"column":4}},"33":{"start":{"line":67,"column":4},"end":{"line":67,"column":52}},"34":{"start":{"line":71,"column":2},"end":{"line":77,"column":4}},"35":{"start":{"line":72,"column":3},"end":{"line":76,"column":4}},"36":{"start":{"line":73,"column":4},"end":{"line":75,"column":5}},"37":{"start":{"line":74,"column":5},"end":{"line":74,"column":56}},"38":{"start":{"line":82,"column":32},"end":{"line":84,"column":1}},"39":{"start":{"line":83,"column":1},"end":{"line":83,"column":14}}},"fnMap":{"0":{"name":"(anonymous_0)","decl":{"start":{"line":9,"column":32},"end":{"line":9,"column":33}},"loc":{"start":{"line":10,"column":1},"end":{"line":13,"column":7}},"line":10},"1":{"name":"(anonymous_1)","decl":{"start":{"line":10,"column":13},"end":{"line":10,"column":14}},"loc":{"start":{"line":10,"column":19},"end":{"line":13,"column":2}},"line":10},"2":{"name":"(anonymous_2)","decl":{"start":{"line":15,"column":31},"end":{"line":15,"column":32}},"loc":{"start":{"line":16,"column":1},"end":{"line":19,"column":7}},"line":16},"3":{"name":"(anonymous_3)","decl":{"start":{"line":16,"column":13},"end":{"line":16,"column":14}},"loc":{"start":{"line":16,"column":19},"end":{"line":19,"column":2}},"line":16},"4":{"name":"(anonymous_4)","decl":{"start":{"line":21,"column":37},"end":{"line":21,"column":38}},"loc":{"start":{"line":22,"column":1},"end":{"line":27,"column":22}},"line":22},"5":{"name":"(anonymous_5)","decl":{"start":{"line":22,"column":13},"end":{"line":22,"column":14}},"loc":{"start":{"line":22,"column":19},"end":{"line":27,"column":2}},"line":22},"6":{"name":"(anonymous_6)","decl":{"start":{"line":29,"column":30},"end":{"line":29,"column":31}},"loc":{"start":{"line":30,"column":1},"end":{"line":32,"column":7}},"line":30},"7":{"name":"(anonymous_7)","decl":{"start":{"line":30,"column":13},"end":{"line":30,"column":14}},"loc":{"start":{"line":30,"column":19},"end":{"line":32,"column":2}},"line":30},"8":{"name":"(anonymous_8)","decl":{"start":{"line":34,"column":31},"end":{"line":34,"column":32}},"loc":{"start":{"line":35,"column":1},"end":{"line":38,"column":7}},"line":35},"9":{"name":"(anonymous_9)","decl":{"start":{"line":35,"column":13},"end":{"line":35,"column":14}},"loc":{"start":{"line":35,"column":19},"end":{"line":38,"column":2}},"line":35},"10":{"name":"(anonymous_10)","decl":{"start":{"line":40,"column":34},"end":{"line":40,"column":35}},"loc":{"start":{"line":40,"column":40},"end":{"line":47,"column":1}},"line":40},"11":{"name":"(anonymous_11)","decl":{"start":{"line":43,"column":20},"end":{"line":43,"column":21}},"loc":{"start":{"line":43,"column":26},"end":{"line":46,"column":2}},"line":43},"12":{"name":"(anonymous_12)","decl":{"start":{"line":50,"column":32},"end":{"line":50,"column":33}},"loc":{"start":{"line":50,"column":51},"end":{"line":79,"column":1}},"line":50},"13":{"name":"(anonymous_13)","decl":{"start":{"line":57,"column":11},"end":{"line":57,"column":12}},"loc":{"start":{"line":57,"column":17},"end":{"line":78,"column":2}},"line":57},"14":{"name":"(anonymous_14)","decl":{"start":{"line":71,"column":9},"end":{"line":71,"column":10}},"loc":{"start":{"line":71,"column":15},"end":{"line":77,"column":3}},"line":71},"15":{"name":"(anonymous_15)","decl":{"start":{"line":82,"column":32},"end":{"line":82,"column":33}},"loc":{"start":{"line":82,"column":38},"end":{"line":84,"column":1}},"line":82}},"branchMap":{"0":{"loc":{"start":{"line":65,"column":2},"end":{"line":69,"column":3}},"type":"if","locations":[{"start":{"line":65,"column":2},"end":{"line":69,"column":3}},{"start":{},"end":{}}],"line":65},"1":{"loc":{"start":{"line":72,"column":3},"end":{"line":76,"column":4}},"type":"if","locations":[{"start":{"line":72,"column":3},"end":{"line":76,"column":4}},{"start":{},"end":{}}],"line":72}},"s":{"0":1,"1":4,"2":0,"3":0,"4":1,"5":4,"6":0,"7":0,"8":1,"9":4,"10":0,"11":0,"12":1,"13":4,"14":0,"15":1,"16":4,"17":0,"18":0,"19":1,"20":4,"21":0,"22":0,"23":0,"24":1,"25":4,"26":4,"27":4,"28":4,"29":0,"30":0,"31":0,"32":0,"33":0,"34":0,"35":0,"36":0,"37":0,"38":1,"39":0},"f":{"0":4,"1":0,"2":4,"3":0,"4":4,"5":0,"6":4,"7":0,"8":4,"9":0,"10":4,"11":0,"12":4,"13":0,"14":0,"15":0},"b":{"0":[0,0],"1":[0,0]},"_coverageSchema":"1a1c01bbd47fc00a2c39e90264f33305004495a9","hash":"5d307ed8e4990b1bb43a3c77ae107cff28667cb8"}
,"C:\\Users\\king1\\Desktop\\Practice\\connectedplatform\\github_reposit_new\\LGEE\\frontend\\src\\components\\Chat.js": {"path":"C:\\Users\\king1\\Desktop\\Practice\\connectedplatform\\github_reposit_new\\LGEE\\frontend\\src\\components\\Chat.js","statementMap":{"0":{"start":{"line":4,"column":13},"end":{"line":10,"column":1}},"1":{"start":{"line":5,"column":2},"end":{"line":9,"column":3}}},"fnMap":{"0":{"name":"(anonymous_0)","decl":{"start":{"line":4,"column":13},"end":{"line":4,"column":14}},"loc":{"start":{"line":4,"column":24},"end":{"line":10,"column":1}},"line":4}},"branchMap":{},"s":{"0":0,"1":0},"f":{"0":0},"b":{}}
,"C:\\Users\\king1\\Desktop\\Practice\\connectedplatform\\github_reposit_new\\LGEE\\frontend\\src\\components\\Comment.js": {"path":"C:\\Users\\king1\\Desktop\\Practice\\connectedplatform\\github_reposit_new\\LGEE\\frontend\\src\\components\\Comment.js","statementMap":{"0":{"start":{"line":10,"column":22},"end":{"line":48,"column":1}},"1":{"start":{"line":11,"column":17},"end":{"line":11,"column":29}},"2":{"start":{"line":13,"column":32},"end":{"line":13,"column":44}},"3":{"start":{"line":14,"column":24},"end":{"line":14,"column":73}},"4":{"start":{"line":14,"column":49},"end":{"line":14,"column":70}},"5":{"start":{"line":15,"column":2},"end":{"line":15,"column":48}},"6":{"start":{"line":16,"column":2},"end":{"line":23,"column":9}},"7":{"start":{"line":18,"column":16},"end":{"line":21,"column":5}},"8":{"start":{"line":22,"column":4},"end":{"line":22,"column":21}},"9":{"start":{"line":25,"column":25},"end":{"line":34,"column":14}},"10":{"start":{"line":26,"column":23},"end":{"line":30,"column":5}},"11":{"start":{"line":31,"column":16},"end":{"line":31,"column":72}},"12":{"start":{"line":32,"column":4},"end":{"line":32,"column":43}},"13":{"start":{"line":36,"column":22},"end":{"line":39,"column":14}},"14":{"start":{"line":37,"column":16},"end":{"line":37,"column":67}},"15":{"start":{"line":38,"column":4},"end":{"line":38,"column":39}},"16":{"start":{"line":41,"column":24},"end":{"line":41,"column":81}},"17":{"start":{"line":42,"column":2},"end":{"line":47,"column":4}},"18":{"start":{"line":50,"column":20},"end":{"line":60,"column":1}},"19":{"start":{"line":51,"column":19},"end":{"line":51,"column":41}},"20":{"start":{"line":52,"column":18},"end":{"line":52,"column":39}},"21":{"start":{"line":54,"column":2},"end":{"line":59,"column":4}},"22":{"start":{"line":62,"column":20},"end":{"line":72,"column":1}},"23":{"start":{"line":63,"column":19},"end":{"line":63,"column":33}},"24":{"start":{"line":64,"column":2},"end":{"line":64,"column":24}},"25":{"start":{"line":65,"column":2},"end":{"line":71,"column":3}},"26":{"start":{"line":68,"column":8},"end":{"line":68,"column":79}},"27":{"start":{"line":74,"column":20},"end":{"line":97,"column":1}},"28":{"start":{"line":75,"column":26},"end":{"line":75,"column":47}},"29":{"start":{"line":76,"column":17},"end":{"line":76,"column":29}},"30":{"start":{"line":77,"column":26},"end":{"line":77,"column":41}},"31":{"start":{"line":78,"column":30},"end":{"line":78,"column":42}},"32":{"start":{"line":79,"column":2},"end":{"line":83,"column":9}},"33":{"start":{"line":81,"column":16},"end":{"line":81,"column":21}},"34":{"start":{"line":82,"column":4},"end":{"line":82,"column":17}},"35":{"start":{"line":85,"column":17},"end":{"line":88,"column":3}},"36":{"start":{"line":86,"column":4},"end":{"line":86,"column":45}},"37":{"start":{"line":87,"column":4},"end":{"line":87,"column":21}},"38":{"start":{"line":90,"column":2},"end":{"line":96,"column":4}}},"fnMap":{"0":{"name":"(anonymous_0)","decl":{"start":{"line":10,"column":22},"end":{"line":10,"column":23}},"loc":{"start":{"line":10,"column":33},"end":{"line":48,"column":1}},"line":10},"1":{"name":"(anonymous_1)","decl":{"start":{"line":14,"column":36},"end":{"line":14,"column":37}},"loc":{"start":{"line":14,"column":47},"end":{"line":14,"column":72}},"line":14},"2":{"name":"(anonymous_2)","decl":{"start":{"line":16,"column":12},"end":{"line":16,"column":13}},"loc":{"start":{"line":16,"column":16},"end":{"line":23,"column":3}},"line":16},"3":{"name":"(anonymous_3)","decl":{"start":{"line":25,"column":37},"end":{"line":25,"column":38}},"loc":{"start":{"line":25,"column":48},"end":{"line":34,"column":3}},"line":25},"4":{"name":"(anonymous_4)","decl":{"start":{"line":36,"column":34},"end":{"line":36,"column":35}},"loc":{"start":{"line":36,"column":42},"end":{"line":39,"column":3}},"line":36},"5":{"name":"(anonymous_5)","decl":{"start":{"line":50,"column":20},"end":{"line":50,"column":21}},"loc":{"start":{"line":50,"column":31},"end":{"line":60,"column":1}},"line":50},"6":{"name":"(anonymous_6)","decl":{"start":{"line":62,"column":20},"end":{"line":62,"column":21}},"loc":{"start":{"line":62,"column":31},"end":{"line":72,"column":1}},"line":62},"7":{"name":"(anonymous_7)","decl":{"start":{"line":67,"column":20},"end":{"line":67,"column":21}},"loc":{"start":{"line":68,"column":8},"end":{"line":68,"column":79}},"line":68},"8":{"name":"(anonymous_8)","decl":{"start":{"line":74,"column":20},"end":{"line":74,"column":21}},"loc":{"start":{"line":74,"column":31},"end":{"line":97,"column":1}},"line":74},"9":{"name":"(anonymous_9)","decl":{"start":{"line":79,"column":12},"end":{"line":79,"column":13}},"loc":{"start":{"line":79,"column":16},"end":{"line":83,"column":3}},"line":79},"10":{"name":"(anonymous_10)","decl":{"start":{"line":85,"column":17},"end":{"line":85,"column":18}},"loc":{"start":{"line":85,"column":23},"end":{"line":88,"column":3}},"line":85}},"branchMap":{"0":{"loc":{"start":{"line":41,"column":24},"end":{"line":41,"column":81}},"type":"cond-expr","locations":[{"start":{"line":41,"column":54},"end":{"line":41,"column":62}},{"start":{"line":41,"column":65},"end":{"line":41,"column":81}}],"line":41}},"s":{"0":1,"1":0,"2":0,"3":0,"4":0,"5":0,"6":0,"7":0,"8":0,"9":0,"10":0,"11":0,"12":0,"13":0,"14":0,"15":0,"16":0,"17":0,"18":1,"19":0,"20":0,"21":0,"22":1,"23":0,"24":0,"25":0,"26":0,"27":1,"28":0,"29":0,"30":0,"31":0,"32":0,"33":0,"34":0,"35":0,"36":0,"37":0,"38":0},"f":{"0":0,"1":0,"2":0,"3":0,"4":0,"5":0,"6":0,"7":0,"8":0,"9":0,"10":0},"b":{"0":[0,0]},"_coverageSchema":"1a1c01bbd47fc00a2c39e90264f33305004495a9","hash":"db32ffaee6ae4cfba53880fbecc9b71c2d6c0cea"}
,"C:\\Users\\king1\\Desktop\\Practice\\connectedplatform\\github_reposit_new\\LGEE\\frontend\\src\\components\\LiveCard.js": {"path":"C:\\Users\\king1\\Desktop\\Practice\\connectedplatform\\github_reposit_new\\LGEE\\frontend\\src\\components\\LiveCard.js","statementMap":{"0":{"start":{"line":8,"column":17},"end":{"line":28,"column":1}},"1":{"start":{"line":10,"column":17},"end":{"line":10,"column":30}},"2":{"start":{"line":12,"column":58},"end":{"line":12,"column":66}},"3":{"start":{"line":14,"column":17},"end":{"line":16,"column":8}},"4":{"start":{"line":15,"column":4},"end":{"line":15,"column":38}},"5":{"start":{"line":18,"column":2},"end":{"line":27,"column":4}},"6":{"start":{"line":30,"column":0},"end":{"line":36,"column":2}}},"fnMap":{"0":{"name":"(anonymous_0)","decl":{"start":{"line":8,"column":17},"end":{"line":8,"column":18}},"loc":{"start":{"line":8,"column":35},"end":{"line":28,"column":1}},"line":8},"1":{"name":"(anonymous_1)","decl":{"start":{"line":14,"column":29},"end":{"line":14,"column":30}},"loc":{"start":{"line":14,"column":33},"end":{"line":16,"column":3}},"line":14}},"branchMap":{},"s":{"0":1,"1":0,"2":0,"3":0,"4":0,"5":0,"6":1},"f":{"0":0,"1":0},"b":{},"_coverageSchema":"1a1c01bbd47fc00a2c39e90264f33305004495a9","hash":"843938eb0926de738310d9616f2723173d3bbf2e"}
,"C:\\Users\\king1\\Desktop\\Practice\\connectedplatform\\github_reposit_new\\LGEE\\frontend\\src\\components\\LiveCardGroup.js": {"path":"C:\\Users\\king1\\Desktop\\Practice\\connectedplatform\\github_reposit_new\\LGEE\\frontend\\src\\components\\LiveCardGroup.js","statementMap":{"0":{"start":{"line":23,"column":22},"end":{"line":72,"column":1}},"1":{"start":{"line":24,"column":21},"end":{"line":24,"column":29}},"2":{"start":{"line":25,"column":20},"end":{"line":25,"column":35}},"3":{"start":{"line":26,"column":23},"end":{"line":26,"column":41}},"4":{"start":{"line":27,"column":26},"end":{"line":27,"column":47}},"5":{"start":{"line":28,"column":19},"end":{"line":28,"column":77}},"6":{"start":{"line":29,"column":18},"end":{"line":29,"column":30}},"7":{"start":{"line":30,"column":2},"end":{"line":30,"column":48}},"8":{"start":{"line":32,"column":2},"end":{"line":41,"column":18}},"9":{"start":{"line":34,"column":4},"end":{"line":40,"column":5}},"10":{"start":{"line":35,"column":8},"end":{"line":35,"column":30}},"11":{"start":{"line":36,"column":31},"end":{"line":36,"column":74}},"12":{"start":{"line":36,"column":61},"end":{"line":36,"column":73}},"13":{"start":{"line":37,"column":6},"end":{"line":39,"column":7}},"14":{"start":{"line":38,"column":8},"end":{"line":38,"column":64}},"15":{"start":{"line":43,"column":21},"end":{"line":50,"column":3}},"16":{"start":{"line":45,"column":4},"end":{"line":49,"column":8}},"17":{"start":{"line":51,"column":2},"end":{"line":71,"column":4}}},"fnMap":{"0":{"name":"(anonymous_0)","decl":{"start":{"line":23,"column":22},"end":{"line":23,"column":23}},"loc":{"start":{"line":23,"column":33},"end":{"line":72,"column":1}},"line":23},"1":{"name":"(anonymous_1)","decl":{"start":{"line":32,"column":12},"end":{"line":32,"column":13}},"loc":{"start":{"line":32,"column":18},"end":{"line":41,"column":3}},"line":32},"2":{"name":"(anonymous_2)","decl":{"start":{"line":36,"column":51},"end":{"line":36,"column":52}},"loc":{"start":{"line":36,"column":61},"end":{"line":36,"column":73}},"line":36},"3":{"name":"(anonymous_3)","decl":{"start":{"line":43,"column":21},"end":{"line":43,"column":22}},"loc":{"start":{"line":43,"column":42},"end":{"line":50,"column":3}},"line":43}},"branchMap":{"0":{"loc":{"start":{"line":28,"column":19},"end":{"line":28,"column":77}},"type":"cond-expr","locations":[{"start":{"line":28,"column":44},"end":{"line":28,"column":60}},{"start":{"line":28,"column":63},"end":{"line":28,"column":77}}],"line":28},"1":{"loc":{"start":{"line":34,"column":4},"end":{"line":40,"column":5}},"type":"if","locations":[{"start":{"line":34,"column":4},"end":{"line":40,"column":5}},{"start":{},"end":{}}],"line":34},"2":{"loc":{"start":{"line":37,"column":6},"end":{"line":39,"column":7}},"type":"if","locations":[{"start":{"line":37,"column":6},"end":{"line":39,"column":7}},{"start":{},"end":{}}],"line":37}},"s":{"0":1,"1":0,"2":0,"3":0,"4":0,"5":0,"6":0,"7":0,"8":0,"9":0,"10":0,"11":0,"12":0,"13":0,"14":0,"15":0,"16":0,"17":0},"f":{"0":0,"1":0,"2":0,"3":0},"b":{"0":[0,0],"1":[0,0],"2":[0,0]},"_coverageSchema":"1a1c01bbd47fc00a2c39e90264f33305004495a9","hash":"a1d01f84b71d6a8bb250cb5e84f78e4e67d257a5"}
,"C:\\Users\\king1\\Desktop\\Practice\\connectedplatform\\github_reposit_new\\LGEE\\frontend\\src\\components\\ProductList.js": {"path":"C:\\Users\\king1\\Desktop\\Practice\\connectedplatform\\github_reposit_new\\LGEE\\frontend\\src\\components\\ProductList.js","statementMap":{"0":{"start":{"line":9,"column":20},"end":{"line":17,"column":1}},"1":{"start":{"line":10,"column":19},"end":{"line":10,"column":33}},"2":{"start":{"line":11,"column":37},"end":{"line":11,"column":49}},"3":{"start":{"line":12,"column":2},"end":{"line":16,"column":4}},"4":{"start":{"line":14,"column":6},"end":{"line":14,"column":123}},"5":{"start":{"line":41,"column":16},"end":{"line":57,"column":1}},"6":{"start":{"line":42,"column":18},"end":{"line":42,"column":31}},"7":{"start":{"line":43,"column":21},"end":{"line":43,"column":37}},"8":{"start":{"line":44,"column":20},"end":{"line":44,"column":35}},"9":{"start":{"line":45,"column":2},"end":{"line":45,"column":23}},"10":{"start":{"line":46,"column":2},"end":{"line":56,"column":10}}},"fnMap":{"0":{"name":"(anonymous_0)","decl":{"start":{"line":9,"column":20},"end":{"line":9,"column":21}},"loc":{"start":{"line":9,"column":31},"end":{"line":17,"column":1}},"line":9},"1":{"name":"(anonymous_1)","decl":{"start":{"line":13,"column":17},"end":{"line":13,"column":18}},"loc":{"start":{"line":13,"column":31},"end":{"line":15,"column":5}},"line":13},"2":{"name":"(anonymous_2)","decl":{"start":{"line":41,"column":16},"end":{"line":41,"column":17}},"loc":{"start":{"line":41,"column":27},"end":{"line":57,"column":1}},"line":41}},"branchMap":{},"s":{"0":0,"1":0,"2":0,"3":0,"4":0,"5":0,"6":0,"7":0,"8":0,"9":0,"10":0},"f":{"0":0,"1":0,"2":0},"b":{}}
,"C:\\Users\\king1\\Desktop\\Practice\\connectedplatform\\github_reposit_new\\LGEE\\frontend\\src\\components\\Video.js": {"path":"C:\\Users\\king1\\Desktop\\Practice\\connectedplatform\\github_reposit_new\\LGEE\\frontend\\src\\components\\Video.js","statementMap":{"0":{"start":{"line":1,"column":14},"end":{"line":3,"column":1}}},"fnMap":{"0":{"name":"(anonymous_0)","decl":{"start":{"line":1,"column":14},"end":{"line":1,"column":15}},"loc":{"start":{"line":1,"column":25},"end":{"line":3,"column":1}},"line":1}},"branchMap":{},"s":{"0":0},"f":{"0":0},"b":{}}
,"C:\\Users\\king1\\Desktop\\Practice\\connectedplatform\\github_reposit_new\\LGEE\\frontend\\src\\constants\\constants.js": {"path":"C:\\Users\\king1\\Desktop\\Practice\\connectedplatform\\github_reposit_new\\LGEE\\frontend\\src\\constants\\constants.js","statementMap":{"0":{"start":{"line":1,"column":30},"end":{"line":1,"column":114}}},"fnMap":{},"branchMap":{},"s":{"0":0},"f":{},"b":{}}
,"C:\\Users\\king1\\Desktop\\Practice\\connectedplatform\\github_reposit_new\\LGEE\\frontend\\src\\constants\\domEvents.js": {"path":"C:\\Users\\king1\\Desktop\\Practice\\connectedplatform\\github_reposit_new\\LGEE\\frontend\\src\\constants\\domEvents.js","statementMap":{"0":{"start":{"line":1,"column":22},"end":{"line":1,"column":29}},"1":{"start":{"line":2,"column":41},"end":{"line":2,"column":66}},"2":{"start":{"line":3,"column":33},"end":{"line":3,"column":51}},"3":{"start":{"line":4,"column":42},"end":{"line":4,"column":67}},"4":{"start":{"line":5,"column":35},"end":{"line":5,"column":54}},"5":{"start":{"line":6,"column":30},"end":{"line":6,"column":45}},"6":{"start":{"line":7,"column":39},"end":{"line":7,"column":60}}},"fnMap":{},"branchMap":{},"s":{"0":1,"1":1,"2":1,"3":1,"4":1,"5":1,"6":1},"f":{},"b":{},"_coverageSchema":"1a1c01bbd47fc00a2c39e90264f33305004495a9","hash":"fa978abcb09fddf5aefd712d384a700fa81c0d0c"}
,"C:\\Users\\king1\\Desktop\\Practice\\connectedplatform\\github_reposit_new\\LGEE\\frontend\\src\\constants\\globalInfos.js": {"path":"C:\\Users\\king1\\Desktop\\Practice\\connectedplatform\\github_reposit_new\\LGEE\\frontend\\src\\constants\\globalInfos.js","statementMap":{"0":{"start":{"line":1,"column":18},"end":{"line":23,"column":4}},"1":{"start":{"line":6,"column":8},"end":{"line":13,"column":9}},"2":{"start":{"line":8,"column":16},"end":{"line":11,"column":18}},"3":{"start":{"line":15,"column":4},"end":{"line":22,"column":5}},"4":{"start":{"line":17,"column":12},"end":{"line":19,"column":13}},"5":{"start":{"line":18,"column":16},"end":{"line":18,"column":34}},"6":{"start":{"line":20,"column":12},"end":{"line":20,"column":28}}},"fnMap":{"0":{"name":"(anonymous_0)","decl":{"start":{"line":1,"column":19},"end":{"line":1,"column":20}},"loc":{"start":{"line":1,"column":29},"end":{"line":23,"column":1}},"line":1},"1":{"name":"init","decl":{"start":{"line":5,"column":13},"end":{"line":5,"column":17}},"loc":{"start":{"line":5,"column":19},"end":{"line":14,"column":5}},"line":5},"2":{"name":"(anonymous_2)","decl":{"start":{"line":7,"column":26},"end":{"line":7,"column":27}},"loc":{"start":{"line":7,"column":36},"end":{"line":12,"column":13}},"line":7},"3":{"name":"(anonymous_3)","decl":{"start":{"line":16,"column":21},"end":{"line":16,"column":22}},"loc":{"start":{"line":16,"column":31},"end":{"line":21,"column":9}},"line":16}},"branchMap":{"0":{"loc":{"start":{"line":17,"column":12},"end":{"line":19,"column":13}},"type":"if","locations":[{"start":{"line":17,"column":12},"end":{"line":19,"column":13}},{"start":{},"end":{}}],"line":17}},"s":{"0":1,"1":0,"2":0,"3":1,"4":0,"5":0,"6":0},"f":{"0":1,"1":0,"2":0,"3":0},"b":{"0":[0,0]},"_coverageSchema":"1a1c01bbd47fc00a2c39e90264f33305004495a9","hash":"a004b4c19fa1709ac8b97ea41f4a95fb10bd6189"}
,"C:\\Users\\king1\\Desktop\\Practice\\connectedplatform\\github_reposit_new\\LGEE\\frontend\\src\\hooks\\configs.js": {"path":"C:\\Users\\king1\\Desktop\\Practice\\connectedplatform\\github_reposit_new\\LGEE\\frontend\\src\\hooks\\configs.js","statementMap":{"0":{"start":{"line":7,"column":26},"end":{"line":38,"column":1}},"1":{"start":{"line":8,"column":13},"end":{"line":8,"column":25}},"2":{"start":{"line":9,"column":27},"end":{"line":9,"column":57}},"3":{"start":{"line":11,"column":1},"end":{"line":35,"column":8}},"4":{"start":{"line":12,"column":2},"end":{"line":27,"column":3}},"5":{"start":{"line":13,"column":3},"end":{"line":13,"column":34}},"6":{"start":{"line":14,"column":3},"end":{"line":26,"column":6}},"7":{"start":{"line":20,"column":5},"end":{"line":20,"column":37}},"8":{"start":{"line":21,"column":5},"end":{"line":21,"column":19}},"9":{"start":{"line":24,"column":5},"end":{"line":24,"column":37}},"10":{"start":{"line":29,"column":2},"end":{"line":34,"column":4}},"11":{"start":{"line":30,"column":3},"end":{"line":33,"column":4}},"12":{"start":{"line":31,"column":4},"end":{"line":31,"column":25}},"13":{"start":{"line":32,"column":4},"end":{"line":32,"column":23}},"14":{"start":{"line":37,"column":1},"end":{"line":37,"column":14}}},"fnMap":{"0":{"name":"(anonymous_0)","decl":{"start":{"line":7,"column":26},"end":{"line":7,"column":27}},"loc":{"start":{"line":7,"column":32},"end":{"line":38,"column":1}},"line":7},"1":{"name":"(anonymous_1)","decl":{"start":{"line":11,"column":11},"end":{"line":11,"column":12}},"loc":{"start":{"line":11,"column":17},"end":{"line":35,"column":2}},"line":11},"2":{"name":"(anonymous_2)","decl":{"start":{"line":19,"column":15},"end":{"line":19,"column":16}},"loc":{"start":{"line":19,"column":22},"end":{"line":22,"column":5}},"line":19},"3":{"name":"(anonymous_3)","decl":{"start":{"line":23,"column":15},"end":{"line":23,"column":16}},"loc":{"start":{"line":23,"column":22},"end":{"line":25,"column":5}},"line":23},"4":{"name":"(anonymous_4)","decl":{"start":{"line":29,"column":9},"end":{"line":29,"column":10}},"loc":{"start":{"line":29,"column":15},"end":{"line":34,"column":3}},"line":29}},"branchMap":{"0":{"loc":{"start":{"line":12,"column":2},"end":{"line":27,"column":3}},"type":"if","locations":[{"start":{"line":12,"column":2},"end":{"line":27,"column":3}},{"start":{},"end":{}}],"line":12},"1":{"loc":{"start":{"line":30,"column":3},"end":{"line":33,"column":4}},"type":"if","locations":[{"start":{"line":30,"column":3},"end":{"line":33,"column":4}},{"start":{},"end":{}}],"line":30}},"s":{"0":1,"1":0,"2":0,"3":0,"4":0,"5":0,"6":0,"7":0,"8":0,"9":0,"10":0,"11":0,"12":0,"13":0,"14":0},"f":{"0":0,"1":0,"2":0,"3":0,"4":0},"b":{"0":[0,0],"1":[0,0]},"_coverageSchema":"1a1c01bbd47fc00a2c39e90264f33305004495a9","hash":"2abb1ae83376aa866610214909108b349921bbc8"}
,"C:\\Users\\king1\\Desktop\\Practice\\connectedplatform\\github_reposit_new\\LGEE\\frontend\\src\\libs\\axios.js": {"path":"C:\\Users\\king1\\Desktop\\Practice\\connectedplatform\\github_reposit_new\\LGEE\\frontend\\src\\libs\\axios.js","statementMap":{"0":{"start":{"line":3,"column":27},"end":{"line":8,"column":2}}},"fnMap":{},"branchMap":{},"s":{"0":1},"f":{},"b":{},"_coverageSchema":"1a1c01bbd47fc00a2c39e90264f33305004495a9","hash":"4786a11b54ae5472302db667fc34030d581d15ab"}
,"C:\\Users\\king1\\Desktop\\Practice\\connectedplatform\\github_reposit_new\\LGEE\\frontend\\src\\libs\\request.js": {"path":"C:\\Users\\king1\\Desktop\\Practice\\connectedplatform\\github_reposit_new\\LGEE\\frontend\\src\\libs\\request.js","statementMap":{"0":{"start":{"line":5,"column":13},"end":{"line":18,"column":1}},"1":{"start":{"line":6,"column":1},"end":{"line":8,"column":2}},"2":{"start":{"line":7,"column":2},"end":{"line":7,"column":46}},"3":{"start":{"line":10,"column":1},"end":{"line":17,"column":3}},"4":{"start":{"line":11,"column":2},"end":{"line":16,"column":4}},"5":{"start":{"line":20,"column":16},"end":{"line":29,"column":1}},"6":{"start":{"line":20,"column":27},"end":{"line":29,"column":1}},"7":{"start":{"line":22,"column":1},"end":{"line":26,"column":2}},"8":{"start":{"line":28,"column":1},"end":{"line":28,"column":42}}},"fnMap":{"0":{"name":"(anonymous_0)","decl":{"start":{"line":5,"column":13},"end":{"line":5,"column":14}},"loc":{"start":{"line":5,"column":39},"end":{"line":18,"column":1}},"line":5},"1":{"name":"(anonymous_1)","decl":{"start":{"line":10,"column":20},"end":{"line":10,"column":21}},"loc":{"start":{"line":11,"column":2},"end":{"line":16,"column":4}},"line":11},"2":{"name":"(anonymous_2)","decl":{"start":{"line":20,"column":16},"end":{"line":20,"column":17}},"loc":{"start":{"line":20,"column":27},"end":{"line":29,"column":1}},"line":20},"3":{"name":"(anonymous_3)","decl":{"start":{"line":20,"column":27},"end":{"line":20,"column":28}},"loc":{"start":{"line":20,"column":37},"end":{"line":29,"column":1}},"line":20}},"branchMap":{"0":{"loc":{"start":{"line":6,"column":1},"end":{"line":8,"column":2}},"type":"if","locations":[{"start":{"line":6,"column":1},"end":{"line":8,"column":2}},{"start":{},"end":{}}],"line":6},"1":{"loc":{"start":{"line":22,"column":1},"end":{"line":26,"column":2}},"type":"if","locations":[{"start":{},"end":{}}],"line":22}},"s":{"0":1,"1":0,"2":0,"3":0,"4":0,"5":1,"6":2,"7":0,"8":0},"f":{"0":0,"1":0,"2":2,"3":0},"b":{"0":[0,0],"1":[0]},"_coverageSchema":"1a1c01bbd47fc00a2c39e90264f33305004495a9","hash":"6daffd2113c6f8d124907c0a1e1a56fccdf8afeb"}
,"C:\\Users\\king1\\Desktop\\Practice\\connectedplatform\\github_reposit_new\\LGEE\\frontend\\src\\libs\\services.js": {"path":"C:\\Users\\king1\\Desktop\\Practice\\connectedplatform\\github_reposit_new\\LGEE\\frontend\\src\\libs\\services.js","statementMap":{"0":{"start":{"line":3,"column":12},"end":{"line":3,"column":65}},"1":{"start":{"line":4,"column":29},"end":{"line":5,"column":42}},"2":{"start":{"line":5,"column":1},"end":{"line":5,"column":42}},"3":{"start":{"line":7,"column":12},"end":{"line":7,"column":58}},"4":{"start":{"line":8,"column":22},"end":{"line":8,"column":71}},"5":{"start":{"line":8,"column":36},"end":{"line":8,"column":71}}},"fnMap":{"0":{"name":"(anonymous_0)","decl":{"start":{"line":4,"column":29},"end":{"line":4,"column":30}},"loc":{"start":{"line":5,"column":1},"end":{"line":5,"column":42}},"line":5},"1":{"name":"(anonymous_1)","decl":{"start":{"line":8,"column":22},"end":{"line":8,"column":23}},"loc":{"start":{"line":8,"column":36},"end":{"line":8,"column":71}},"line":8}},"branchMap":{},"s":{"0":1,"1":1,"2":0,"3":1,"4":1,"5":0},"f":{"0":0,"1":0},"b":{},"_coverageSchema":"1a1c01bbd47fc00a2c39e90264f33305004495a9","hash":"6764729663798e908e0dafb807b2722fb4ab686a"}
,"C:\\Users\\king1\\Desktop\\Practice\\connectedplatform\\github_reposit_new\\LGEE\\frontend\\src\\libs\\testutils.js": {"path":"C:\\Users\\king1\\Desktop\\Practice\\connectedplatform\\github_reposit_new\\LGEE\\frontend\\src\\libs\\testutils.js","statementMap":{"0":{"start":{"line":9,"column":30},"end":{"line":13,"column":1}},"1":{"start":{"line":10,"column":1},"end":{"line":12,"column":4}},"2":{"start":{"line":11,"column":2},"end":{"line":11,"column":42}},"3":{"start":{"line":15,"column":31},"end":{"line":29,"column":1}},"4":{"start":{"line":19,"column":23},"end":{"line":19,"column":52}},"5":{"start":{"line":20,"column":13},"end":{"line":20,"column":15}},"6":{"start":{"line":21,"column":1},"end":{"line":23,"column":2}},"7":{"start":{"line":22,"column":2},"end":{"line":22,"column":46}},"8":{"start":{"line":25,"column":1},"end":{"line":27,"column":4}},"9":{"start":{"line":26,"column":2},"end":{"line":26,"column":45}},"10":{"start":{"line":28,"column":1},"end":{"line":28,"column":21}},"11":{"start":{"line":31,"column":15},"end":{"line":33,"column":1}},"12":{"start":{"line":32,"column":1},"end":{"line":32,"column":41}}},"fnMap":{"0":{"name":"(anonymous_0)","decl":{"start":{"line":9,"column":30},"end":{"line":9,"column":31}},"loc":{"start":{"line":9,"column":36},"end":{"line":13,"column":1}},"line":9},"1":{"name":"(anonymous_1)","decl":{"start":{"line":10,"column":50},"end":{"line":10,"column":51}},"loc":{"start":{"line":10,"column":56},"end":{"line":12,"column":2}},"line":10},"2":{"name":"(anonymous_2)","decl":{"start":{"line":15,"column":31},"end":{"line":15,"column":32}},"loc":{"start":{"line":18,"column":5},"end":{"line":29,"column":1}},"line":18},"3":{"name":"(anonymous_3)","decl":{"start":{"line":25,"column":11},"end":{"line":25,"column":12}},"loc":{"start":{"line":25,"column":23},"end":{"line":27,"column":2}},"line":25},"4":{"name":"(anonymous_4)","decl":{"start":{"line":31,"column":15},"end":{"line":31,"column":16}},"loc":{"start":{"line":31,"column":32},"end":{"line":33,"column":1}},"line":31}},"branchMap":{"0":{"loc":{"start":{"line":17,"column":2},"end":{"line":17,"column":18}},"type":"default-arg","locations":[{"start":{"line":17,"column":13},"end":{"line":17,"column":18}}],"line":17},"1":{"loc":{"start":{"line":21,"column":1},"end":{"line":23,"column":2}},"type":"if","locations":[{"start":{"line":21,"column":1},"end":{"line":23,"column":2}},{"start":{},"end":{}}],"line":21},"2":{"loc":{"start":{"line":31,"column":16},"end":{"line":31,"column":27}},"type":"default-arg","locations":[{"start":{"line":31,"column":25},"end":{"line":31,"column":27}}],"line":31}},"s":{"0":1,"1":0,"2":0,"3":1,"4":1,"5":1,"6":1,"7":0,"8":1,"9":1,"10":0,"11":1,"12":1},"f":{"0":0,"1":0,"2":1,"3":1,"4":1},"b":{"0":[1],"1":[0,1],"2":[1]},"_coverageSchema":"1a1c01bbd47fc00a2c39e90264f33305004495a9","hash":"8a0c814dff9665ed10f5ce8c30deae8f81307a4f"}
,"C:\\Users\\king1\\Desktop\\Practice\\connectedplatform\\github_reposit_new\\LGEE\\frontend\\src\\libs\\utils.js": {"path":"C:\\Users\\king1\\Desktop\\Practice\\connectedplatform\\github_reposit_new\\LGEE\\frontend\\src\\libs\\utils.js","statementMap":{"0":{"start":{"line":1,"column":25},"end":{"line":1,"column":57}},"1":{"start":{"line":1,"column":31},"end":{"line":1,"column":57}},"2":{"start":{"line":3,"column":27},"end":{"line":4,"column":54}},"3":{"start":{"line":4,"column":1},"end":{"line":4,"column":54}},"4":{"start":{"line":6,"column":26},"end":{"line":7,"column":68}},"5":{"start":{"line":7,"column":1},"end":{"line":7,"column":68}},"6":{"start":{"line":9,"column":24},"end":{"line":19,"column":1}},"7":{"start":{"line":10,"column":1},"end":{"line":12,"column":2}},"8":{"start":{"line":11,"column":2},"end":{"line":11,"column":9}},"9":{"start":{"line":14,"column":1},"end":{"line":17,"column":2}},"10":{"start":{"line":15,"column":2},"end":{"line":15,"column":36}},"11":{"start":{"line":16,"column":2},"end":{"line":16,"column":9}},"12":{"start":{"line":18,"column":1},"end":{"line":18,"column":28}},"13":{"start":{"line":21,"column":22},"end":{"line":27,"column":1}},"14":{"start":{"line":22,"column":1},"end":{"line":26,"column":2}},"15":{"start":{"line":23,"column":17},"end":{"line":23,"column":32}},"16":{"start":{"line":24,"column":19},"end":{"line":24,"column":59}},"17":{"start":{"line":25,"column":2},"end":{"line":25,"column":52}}},"fnMap":{"0":{"name":"(anonymous_0)","decl":{"start":{"line":1,"column":25},"end":{"line":1,"column":26}},"loc":{"start":{"line":1,"column":31},"end":{"line":1,"column":57}},"line":1},"1":{"name":"(anonymous_1)","decl":{"start":{"line":3,"column":27},"end":{"line":3,"column":28}},"loc":{"start":{"line":4,"column":1},"end":{"line":4,"column":54}},"line":4},"2":{"name":"(anonymous_2)","decl":{"start":{"line":6,"column":26},"end":{"line":6,"column":27}},"loc":{"start":{"line":7,"column":1},"end":{"line":7,"column":68}},"line":7},"3":{"name":"(anonymous_3)","decl":{"start":{"line":9,"column":24},"end":{"line":9,"column":25}},"loc":{"start":{"line":9,"column":38},"end":{"line":19,"column":1}},"line":9},"4":{"name":"(anonymous_4)","decl":{"start":{"line":21,"column":22},"end":{"line":21,"column":23}},"loc":{"start":{"line":21,"column":28},"end":{"line":27,"column":1}},"line":21}},"branchMap":{"0":{"loc":{"start":{"line":4,"column":1},"end":{"line":4,"column":54}},"type":"binary-expr","locations":[{"start":{"line":4,"column":1},"end":{"line":4,"column":12}},{"start":{"line":4,"column":16},"end":{"line":4,"column":54}}],"line":4},"1":{"loc":{"start":{"line":7,"column":1},"end":{"line":7,"column":68}},"type":"binary-expr","locations":[{"start":{"line":7,"column":1},"end":{"line":7,"column":39}},{"start":{"line":7,"column":43},"end":{"line":7,"column":68}}],"line":7},"2":{"loc":{"start":{"line":10,"column":1},"end":{"line":12,"column":2}},"type":"if","locations":[{"start":{"line":10,"column":1},"end":{"line":12,"column":2}},{"start":{},"end":{}}],"line":10},"3":{"loc":{"start":{"line":14,"column":1},"end":{"line":17,"column":2}},"type":"if","locations":[{"start":{"line":14,"column":1},"end":{"line":17,"column":2}},{"start":{},"end":{}}],"line":14},"4":{"loc":{"start":{"line":22,"column":1},"end":{"line":26,"column":2}},"type":"if","locations":[{"start":{"line":22,"column":1},"end":{"line":26,"column":2}},{"start":{},"end":{}}],"line":22}},"s":{"0":2,"1":0,"2":2,"3":0,"4":2,"5":1,"6":2,"7":0,"8":0,"9":0,"10":0,"11":0,"12":0,"13":2,"14":0,"15":0,"16":0,"17":0},"f":{"0":0,"1":0,"2":1,"3":0,"4":0},"b":{"0":[0,0],"1":[1,0],"2":[0,0],"3":[0,0],"4":[0,0]},"_coverageSchema":"1a1c01bbd47fc00a2c39e90264f33305004495a9","hash":"07042fa5a763dd2ad38eefacd2c00d8fc4023752"}
,"C:\\Users\\king1\\Desktop\\Practice\\connectedplatform\\github_reposit_new\\LGEE\\frontend\\src\\store\\store.js": {"path":"C:\\Users\\king1\\Desktop\\Practice\\connectedplatform\\github_reposit_new\\LGEE\\frontend\\src\\store\\store.js","statementMap":{"0":{"start":{"line":3,"column":11},"end":{"line":12,"column":2}},"1":{"start":{"line":8,"column":6},"end":{"line":8,"column":43}},"2":{"start":{"line":9,"column":6},"end":{"line":9,"column":47}},"3":{"start":{"line":14,"column":15},"end":{"line":22,"column":2}},"4":{"start":{"line":19,"column":6},"end":{"line":19,"column":48}},"5":{"start":{"line":25,"column":11},"end":{"line":33,"column":2}},"6":{"start":{"line":30,"column":6},"end":{"line":30,"column":36}},"7":{"start":{"line":43,"column":28},"end":{"line":43,"column":40}},"8":{"start":{"line":44,"column":28},"end":{"line":44,"column":40}},"9":{"start":{"line":45,"column":32},"end":{"line":45,"column":48}}},"fnMap":{"0":{"name":"(anonymous_0)","decl":{"start":{"line":7,"column":4},"end":{"line":7,"column":5}},"loc":{"start":{"line":7,"column":29},"end":{"line":10,"column":5}},"line":7},"1":{"name":"(anonymous_1)","decl":{"start":{"line":18,"column":4},"end":{"line":18,"column":5}},"loc":{"start":{"line":18,"column":25},"end":{"line":20,"column":5}},"line":18},"2":{"name":"(anonymous_2)","decl":{"start":{"line":29,"column":4},"end":{"line":29,"column":5}},"loc":{"start":{"line":29,"column":29},"end":{"line":31,"column":5}},"line":29}},"branchMap":{"0":{"loc":{"start":{"line":19,"column":21},"end":{"line":19,"column":46}},"type":"cond-expr","locations":[{"start":{"line":19,"column":41},"end":{"line":19,"column":42}},{"start":{"line":19,"column":45},"end":{"line":19,"column":46}}],"line":19}},"s":{"0":1,"1":0,"2":0,"3":1,"4":0,"5":1,"6":0,"7":1,"8":1,"9":1},"f":{"0":0,"1":0,"2":0},"b":{"0":[0,0]},"_coverageSchema":"1a1c01bbd47fc00a2c39e90264f33305004495a9","hash":"36e6acfbc9879d82eb4b4dfe42c5b35a4b7f8532"}
,"C:\\Users\\king1\\Desktop\\Practice\\connectedplatform\\github_reposit_new\\LGEE\\frontend\\src\\views\\Account.js": {"path":"C:\\Users\\king1\\Desktop\\Practice\\connectedplatform\\github_reposit_new\\LGEE\\frontend\\src\\views\\Account.js","statementMap":{"0":{"start":{"line":13,"column":16},"end":{"line":104,"column":1}},"1":{"start":{"line":14,"column":16},"end":{"line":14,"column":29}},"2":{"start":{"line":15,"column":27},"end":{"line":21,"column":3}},"3":{"start":{"line":23,"column":19},"end":{"line":31,"column":2}},"4":{"start":{"line":24,"column":2},"end":{"line":30,"column":3}},"5":{"start":{"line":25,"column":20},"end":{"line":25,"column":49}},"6":{"start":{"line":26,"column":3},"end":{"line":26,"column":38}},"7":{"start":{"line":27,"column":3},"end":{"line":27,"column":51}},"8":{"start":{"line":29,"column":3},"end":{"line":29,"column":22}},"9":{"start":{"line":32,"column":22},"end":{"line":43,"column":2}},"10":{"start":{"line":33,"column":2},"end":{"line":42,"column":41}},"11":{"start":{"line":36,"column":4},"end":{"line":40,"column":8}},"12":{"start":{"line":36,"column":27},"end":{"line":40,"column":5}},"13":{"start":{"line":42,"column":19},"end":{"line":42,"column":39}},"14":{"start":{"line":45,"column":22},"end":{"line":54,"column":2}},"15":{"start":{"line":46,"column":2},"end":{"line":53,"column":3}},"16":{"start":{"line":47,"column":3},"end":{"line":47,"column":42}},"17":{"start":{"line":48,"column":3},"end":{"line":50,"column":7}},"18":{"start":{"line":48,"column":26},"end":{"line":50,"column":4}},"19":{"start":{"line":49,"column":42},"end":{"line":49,"column":57}},"20":{"start":{"line":52,"column":3},"end":{"line":52,"column":24}},"21":{"start":{"line":56,"column":1},"end":{"line":58,"column":8}},"22":{"start":{"line":57,"column":2},"end":{"line":57,"column":14}},"23":{"start":{"line":59,"column":1},"end":{"line":62,"column":4}},"24":{"start":{"line":60,"column":2},"end":{"line":60,"column":23}},"25":{"start":{"line":61,"column":2},"end":{"line":61,"column":47}},"26":{"start":{"line":63,"column":1},"end":{"line":103,"column":3}},"27":{"start":{"line":68,"column":6},"end":{"line":75,"column":12}},"28":{"start":{"line":69,"column":74},"end":{"line":69,"column":100}},"29":{"start":{"line":88,"column":21},"end":{"line":88,"column":67}},"30":{"start":{"line":88,"column":39},"end":{"line":88,"column":65}}},"fnMap":{"0":{"name":"(anonymous_0)","decl":{"start":{"line":13,"column":16},"end":{"line":13,"column":17}},"loc":{"start":{"line":13,"column":22},"end":{"line":104,"column":1}},"line":13},"1":{"name":"(anonymous_1)","decl":{"start":{"line":23,"column":19},"end":{"line":23,"column":20}},"loc":{"start":{"line":23,"column":31},"end":{"line":31,"column":2}},"line":23},"2":{"name":"(anonymous_2)","decl":{"start":{"line":32,"column":22},"end":{"line":32,"column":23}},"loc":{"start":{"line":32,"column":28},"end":{"line":43,"column":2}},"line":32},"3":{"name":"(anonymous_3)","decl":{"start":{"line":35,"column":9},"end":{"line":35,"column":10}},"loc":{"start":{"line":35,"column":21},"end":{"line":41,"column":4}},"line":35},"4":{"name":"(anonymous_4)","decl":{"start":{"line":36,"column":13},"end":{"line":36,"column":14}},"loc":{"start":{"line":36,"column":27},"end":{"line":40,"column":5}},"line":36},"5":{"name":"(anonymous_5)","decl":{"start":{"line":42,"column":10},"end":{"line":42,"column":11}},"loc":{"start":{"line":42,"column":19},"end":{"line":42,"column":39}},"line":42},"6":{"name":"(anonymous_6)","decl":{"start":{"line":45,"column":22},"end":{"line":45,"column":23}},"loc":{"start":{"line":45,"column":34},"end":{"line":54,"column":2}},"line":45},"7":{"name":"(anonymous_7)","decl":{"start":{"line":48,"column":12},"end":{"line":48,"column":13}},"loc":{"start":{"line":48,"column":26},"end":{"line":50,"column":4}},"line":48},"8":{"name":"(anonymous_8)","decl":{"start":{"line":49,"column":34},"end":{"line":49,"column":35}},"loc":{"start":{"line":49,"column":42},"end":{"line":49,"column":57}},"line":49},"9":{"name":"(anonymous_9)","decl":{"start":{"line":56,"column":11},"end":{"line":56,"column":12}},"loc":{"start":{"line":56,"column":17},"end":{"line":58,"column":2}},"line":56},"10":{"name":"(anonymous_10)","decl":{"start":{"line":59,"column":11},"end":{"line":59,"column":12}},"loc":{"start":{"line":59,"column":15},"end":{"line":62,"column":2}},"line":59},"11":{"name":"(anonymous_11)","decl":{"start":{"line":67,"column":22},"end":{"line":67,"column":23}},"loc":{"start":{"line":68,"column":6},"end":{"line":75,"column":12}},"line":68},"12":{"name":"(anonymous_12)","decl":{"start":{"line":69,"column":68},"end":{"line":69,"column":69}},"loc":{"start":{"line":69,"column":74},"end":{"line":69,"column":100}},"line":69},"13":{"name":"(anonymous_13)","decl":{"start":{"line":72,"column":69},"end":{"line":72,"column":70}},"loc":{"start":{"line":72,"column":75},"end":{"line":72,"column":77}},"line":72},"14":{"name":"(anonymous_14)","decl":{"start":{"line":88,"column":16},"end":{"line":88,"column":17}},"loc":{"start":{"line":88,"column":21},"end":{"line":88,"column":67}},"line":88},"15":{"name":"(anonymous_15)","decl":{"start":{"line":88,"column":30},"end":{"line":88,"column":31}},"loc":{"start":{"line":88,"column":39},"end":{"line":88,"column":65}},"line":88}},"branchMap":{"0":{"loc":{"start":{"line":65,"column":4},"end":{"line":80,"column":4}},"type":"cond-expr","locations":[{"start":{"line":66,"column":4},"end":{"line":77,"column":10}},{"start":{"line":79,"column":4},"end":{"line":79,"column":40}}],"line":65}},"s":{"0":1,"1":0,"2":0,"3":0,"4":0,"5":0,"6":0,"7":0,"8":0,"9":0,"10":0,"11":0,"12":0,"13":0,"14":0,"15":0,"16":0,"17":0,"18":0,"19":0,"20":0,"21":0,"22":0,"23":0,"24":0,"25":0,"26":0,"27":0,"28":0,"29":0,"30":0},"f":{"0":0,"1":0,"2":0,"3":0,"4":0,"5":0,"6":0,"7":0,"8":0,"9":0,"10":0,"11":0,"12":0,"13":0,"14":0,"15":0},"b":{"0":[0,0]},"_coverageSchema":"1a1c01bbd47fc00a2c39e90264f33305004495a9","hash":"6dbc3788531b42cd39844a22fb8c35f1de29d748"}
,"C:\\Users\\king1\\Desktop\\Practice\\connectedplatform\\github_reposit_new\\LGEE\\frontend\\src\\views\\Account_.js": {"path":"C:\\Users\\king1\\Desktop\\Practice\\connectedplatform\\github_reposit_new\\LGEE\\frontend\\src\\views\\Account_.js","statementMap":{"0":{"start":{"line":8,"column":16},"end":{"line":87,"column":1}},"1":{"start":{"line":9,"column":27},"end":{"line":13,"column":3}},"2":{"start":{"line":15,"column":19},"end":{"line":23,"column":2}},"3":{"start":{"line":16,"column":2},"end":{"line":22,"column":3}},"4":{"start":{"line":17,"column":20},"end":{"line":17,"column":49}},"5":{"start":{"line":18,"column":3},"end":{"line":18,"column":36}},"6":{"start":{"line":19,"column":3},"end":{"line":19,"column":51}},"7":{"start":{"line":21,"column":3},"end":{"line":21,"column":22}},"8":{"start":{"line":24,"column":22},"end":{"line":35,"column":2}},"9":{"start":{"line":25,"column":2},"end":{"line":34,"column":41}},"10":{"start":{"line":28,"column":4},"end":{"line":32,"column":8}},"11":{"start":{"line":28,"column":27},"end":{"line":32,"column":5}},"12":{"start":{"line":34,"column":19},"end":{"line":34,"column":39}},"13":{"start":{"line":37,"column":22},"end":{"line":46,"column":2}},"14":{"start":{"line":38,"column":2},"end":{"line":45,"column":3}},"15":{"start":{"line":39,"column":3},"end":{"line":39,"column":42}},"16":{"start":{"line":40,"column":3},"end":{"line":42,"column":7}},"17":{"start":{"line":40,"column":26},"end":{"line":42,"column":4}},"18":{"start":{"line":41,"column":42},"end":{"line":41,"column":57}},"19":{"start":{"line":44,"column":3},"end":{"line":44,"column":24}},"20":{"start":{"line":48,"column":1},"end":{"line":50,"column":8}},"21":{"start":{"line":49,"column":2},"end":{"line":49,"column":14}},"22":{"start":{"line":52,"column":1},"end":{"line":86,"column":3}},"23":{"start":{"line":58,"column":6},"end":{"line":63,"column":11}},"24":{"start":{"line":60,"column":30},"end":{"line":60,"column":52}},"25":{"start":{"line":73,"column":19},"end":{"line":73,"column":63}},"26":{"start":{"line":73,"column":37},"end":{"line":73,"column":61}},"27":{"start":{"line":79,"column":19},"end":{"line":79,"column":64}},"28":{"start":{"line":79,"column":37},"end":{"line":79,"column":62}}},"fnMap":{"0":{"name":"(anonymous_0)","decl":{"start":{"line":8,"column":16},"end":{"line":8,"column":17}},"loc":{"start":{"line":8,"column":22},"end":{"line":87,"column":1}},"line":8},"1":{"name":"(anonymous_1)","decl":{"start":{"line":15,"column":19},"end":{"line":15,"column":20}},"loc":{"start":{"line":15,"column":31},"end":{"line":23,"column":2}},"line":15},"2":{"name":"(anonymous_2)","decl":{"start":{"line":24,"column":22},"end":{"line":24,"column":23}},"loc":{"start":{"line":24,"column":28},"end":{"line":35,"column":2}},"line":24},"3":{"name":"(anonymous_3)","decl":{"start":{"line":27,"column":9},"end":{"line":27,"column":10}},"loc":{"start":{"line":27,"column":21},"end":{"line":33,"column":4}},"line":27},"4":{"name":"(anonymous_4)","decl":{"start":{"line":28,"column":13},"end":{"line":28,"column":14}},"loc":{"start":{"line":28,"column":27},"end":{"line":32,"column":5}},"line":28},"5":{"name":"(anonymous_5)","decl":{"start":{"line":34,"column":10},"end":{"line":34,"column":11}},"loc":{"start":{"line":34,"column":19},"end":{"line":34,"column":39}},"line":34},"6":{"name":"(anonymous_6)","decl":{"start":{"line":37,"column":22},"end":{"line":37,"column":23}},"loc":{"start":{"line":37,"column":34},"end":{"line":46,"column":2}},"line":37},"7":{"name":"(anonymous_7)","decl":{"start":{"line":40,"column":12},"end":{"line":40,"column":13}},"loc":{"start":{"line":40,"column":26},"end":{"line":42,"column":4}},"line":40},"8":{"name":"(anonymous_8)","decl":{"start":{"line":41,"column":34},"end":{"line":41,"column":35}},"loc":{"start":{"line":41,"column":42},"end":{"line":41,"column":57}},"line":41},"9":{"name":"(anonymous_9)","decl":{"start":{"line":48,"column":11},"end":{"line":48,"column":12}},"loc":{"start":{"line":48,"column":17},"end":{"line":50,"column":2}},"line":48},"10":{"name":"(anonymous_10)","decl":{"start":{"line":57,"column":22},"end":{"line":57,"column":23}},"loc":{"start":{"line":58,"column":6},"end":{"line":63,"column":11}},"line":58},"11":{"name":"(anonymous_11)","decl":{"start":{"line":60,"column":24},"end":{"line":60,"column":25}},"loc":{"start":{"line":60,"column":30},"end":{"line":60,"column":52}},"line":60},"12":{"name":"(anonymous_12)","decl":{"start":{"line":73,"column":14},"end":{"line":73,"column":15}},"loc":{"start":{"line":73,"column":19},"end":{"line":73,"column":63}},"line":73},"13":{"name":"(anonymous_13)","decl":{"start":{"line":73,"column":28},"end":{"line":73,"column":29}},"loc":{"start":{"line":73,"column":37},"end":{"line":73,"column":61}},"line":73},"14":{"name":"(anonymous_14)","decl":{"start":{"line":79,"column":14},"end":{"line":79,"column":15}},"loc":{"start":{"line":79,"column":19},"end":{"line":79,"column":64}},"line":79},"15":{"name":"(anonymous_15)","decl":{"start":{"line":79,"column":28},"end":{"line":79,"column":29}},"loc":{"start":{"line":79,"column":37},"end":{"line":79,"column":62}},"line":79}},"branchMap":{"0":{"loc":{"start":{"line":55,"column":4},"end":{"line":68,"column":4}},"type":"cond-expr","locations":[{"start":{"line":56,"column":4},"end":{"line":65,"column":9}},{"start":{"line":67,"column":4},"end":{"line":67,"column":40}}],"line":55}},"s":{"0":0,"1":0,"2":0,"3":0,"4":0,"5":0,"6":0,"7":0,"8":0,"9":0,"10":0,"11":0,"12":0,"13":0,"14":0,"15":0,"16":0,"17":0,"18":0,"19":0,"20":0,"21":0,"22":0,"23":0,"24":0,"25":0,"26":0,"27":0,"28":0},"f":{"0":0,"1":0,"2":0,"3":0,"4":0,"5":0,"6":0,"7":0,"8":0,"9":0,"10":0,"11":0,"12":0,"13":0,"14":0,"15":0},"b":{"0":[0,0]}}
,"C:\\Users\\king1\\Desktop\\Practice\\connectedplatform\\github_reposit_new\\LGEE\\frontend\\src\\views\\HLSVideo.js": {"path":"C:\\Users\\king1\\Desktop\\Practice\\connectedplatform\\github_reposit_new\\LGEE\\frontend\\src\\views\\HLSVideo.js","statementMap":{"0":{"start":{"line":5,"column":17},"end":{"line":98,"column":1}},"1":{"start":{"line":6,"column":18},"end":{"line":6,"column":30}},"2":{"start":{"line":7,"column":16},"end":{"line":7,"column":28}},"3":{"start":{"line":9,"column":1},"end":{"line":67,"column":17}},"4":{"start":{"line":10,"column":2},"end":{"line":66,"column":3}},"5":{"start":{"line":11,"column":17},"end":{"line":11,"column":33}},"6":{"start":{"line":12,"column":15},"end":{"line":12,"column":24}},"7":{"start":{"line":13,"column":3},"end":{"line":13,"column":29}},"8":{"start":{"line":14,"column":3},"end":{"line":14,"column":26}},"9":{"start":{"line":17,"column":3},"end":{"line":24,"column":6}},"10":{"start":{"line":18,"column":4},"end":{"line":22,"column":6}},"11":{"start":{"line":23,"column":4},"end":{"line":23,"column":17}},"12":{"start":{"line":25,"column":3},"end":{"line":25,"column":24}},"13":{"start":{"line":29,"column":3},"end":{"line":65,"column":6}},"14":{"start":{"line":30,"column":4},"end":{"line":32,"column":6}},"15":{"start":{"line":33,"column":4},"end":{"line":36,"column":6}},"16":{"start":{"line":38,"column":18},"end":{"line":38,"column":34}},"17":{"start":{"line":39,"column":18},"end":{"line":39,"column":35}},"18":{"start":{"line":41,"column":4},"end":{"line":41,"column":64}},"19":{"start":{"line":42,"column":4},"end":{"line":42,"column":52}},"20":{"start":{"line":43,"column":4},"end":{"line":43,"column":58}},"21":{"start":{"line":45,"column":4},"end":{"line":64,"column":5}},"22":{"start":{"line":46,"column":5},"end":{"line":51,"column":6}},"23":{"start":{"line":47,"column":6},"end":{"line":50,"column":8}},"24":{"start":{"line":52,"column":5},"end":{"line":63,"column":6}},"25":{"start":{"line":53,"column":6},"end":{"line":56,"column":8}},"26":{"start":{"line":57,"column":6},"end":{"line":62,"column":7}},"27":{"start":{"line":58,"column":7},"end":{"line":61,"column":9}},"28":{"start":{"line":69,"column":25},"end":{"line":72,"column":7}},"29":{"start":{"line":70,"column":2},"end":{"line":70,"column":33}},"30":{"start":{"line":71,"column":2},"end":{"line":71,"column":34}},"31":{"start":{"line":74,"column":25},"end":{"line":77,"column":7}},"32":{"start":{"line":75,"column":2},"end":{"line":75,"column":33}},"33":{"start":{"line":76,"column":2},"end":{"line":76,"column":35}},"34":{"start":{"line":79,"column":1},"end":{"line":97,"column":3}}},"fnMap":{"0":{"name":"(anonymous_0)","decl":{"start":{"line":5,"column":17},"end":{"line":5,"column":18}},"loc":{"start":{"line":5,"column":28},"end":{"line":98,"column":1}},"line":5},"1":{"name":"(anonymous_1)","decl":{"start":{"line":9,"column":11},"end":{"line":9,"column":12}},"loc":{"start":{"line":9,"column":17},"end":{"line":67,"column":2}},"line":9},"2":{"name":"(anonymous_2)","decl":{"start":{"line":17,"column":38},"end":{"line":17,"column":39}},"loc":{"start":{"line":17,"column":61},"end":{"line":24,"column":4}},"line":17},"3":{"name":"(anonymous_3)","decl":{"start":{"line":29,"column":34},"end":{"line":29,"column":35}},"loc":{"start":{"line":29,"column":57},"end":{"line":65,"column":4}},"line":29},"4":{"name":"(anonymous_4)","decl":{"start":{"line":69,"column":37},"end":{"line":69,"column":38}},"loc":{"start":{"line":69,"column":43},"end":{"line":72,"column":2}},"line":69},"5":{"name":"(anonymous_5)","decl":{"start":{"line":74,"column":37},"end":{"line":74,"column":38}},"loc":{"start":{"line":74,"column":43},"end":{"line":77,"column":2}},"line":74}},"branchMap":{"0":{"loc":{"start":{"line":10,"column":2},"end":{"line":66,"column":3}},"type":"if","locations":[{"start":{"line":10,"column":2},"end":{"line":66,"column":3}},{"start":{},"end":{}}],"line":10},"1":{"loc":{"start":{"line":45,"column":4},"end":{"line":64,"column":5}},"type":"if","locations":[{"start":{"line":45,"column":4},"end":{"line":64,"column":5}},{"start":{},"end":{}}],"line":45},"2":{"loc":{"start":{"line":46,"column":5},"end":{"line":51,"column":6}},"type":"if","locations":[{"start":{"line":46,"column":5},"end":{"line":51,"column":6}},{"start":{},"end":{}}],"line":46},"3":{"loc":{"start":{"line":52,"column":5},"end":{"line":63,"column":6}},"type":"if","locations":[{"start":{"line":52,"column":5},"end":{"line":63,"column":6}},{"start":{},"end":{}}],"line":52},"4":{"loc":{"start":{"line":57,"column":6},"end":{"line":62,"column":7}},"type":"if","locations":[{"start":{"line":57,"column":6},"end":{"line":62,"column":7}},{"start":{},"end":{}}],"line":57},"5":{"loc":{"start":{"line":57,"column":10},"end":{"line":57,"column":36}},"type":"binary-expr","locations":[{"start":{"line":57,"column":10},"end":{"line":57,"column":22}},{"start":{"line":57,"column":26},"end":{"line":57,"column":36}}],"line":57}},"s":{"0":1,"1":0,"2":0,"3":0,"4":0,"5":0,"6":0,"7":0,"8":0,"9":0,"10":0,"11":0,"12":0,"13":0,"14":0,"15":0,"16":0,"17":0,"18":0,"19":0,"20":0,"21":0,"22":0,"23":0,"24":0,"25":0,"26":0,"27":0,"28":0,"29":0,"30":0,"31":0,"32":0,"33":0,"34":0},"f":{"0":0,"1":0,"2":0,"3":0,"4":0,"5":0},"b":{"0":[0,0],"1":[0,0],"2":[0,0],"3":[0,0],"4":[0,0],"5":[0,0]},"_coverageSchema":"1a1c01bbd47fc00a2c39e90264f33305004495a9","hash":"b3c373df4b851f51dee1fabb02491a38ff9e3369"}
,"C:\\Users\\king1\\Desktop\\Practice\\connectedplatform\\github_reposit_new\\LGEE\\frontend\\src\\views\\Home.js": {"path":"C:\\Users\\king1\\Desktop\\Practice\\connectedplatform\\github_reposit_new\\LGEE\\frontend\\src\\views\\Home.js","statementMap":{"0":{"start":{"line":5,"column":13},"end":{"line":15,"column":1}},"1":{"start":{"line":7,"column":2},"end":{"line":14,"column":4}}},"fnMap":{"0":{"name":"(anonymous_0)","decl":{"start":{"line":5,"column":13},"end":{"line":5,"column":14}},"loc":{"start":{"line":5,"column":24},"end":{"line":15,"column":1}},"line":5}},"branchMap":{},"s":{"0":0,"1":0},"f":{"0":0},"b":{}}
,"C:\\Users\\king1\\Desktop\\Practice\\connectedplatform\\github_reposit_new\\LGEE\\frontend\\src\\views\\Home2.js": {"path":"C:\\Users\\king1\\Desktop\\Practice\\connectedplatform\\github_reposit_new\\LGEE\\frontend\\src\\views\\Home2.js","statementMap":{"0":{"start":{"line":9,"column":13},"end":{"line":33,"column":1}},"1":{"start":{"line":10,"column":14},"end":{"line":10,"column":26}},"2":{"start":{"line":11,"column":58},"end":{"line":11,"column":68}},"3":{"start":{"line":12,"column":1},"end":{"line":32,"column":3}}},"fnMap":{"0":{"name":"(anonymous_0)","decl":{"start":{"line":9,"column":13},"end":{"line":9,"column":14}},"loc":{"start":{"line":9,"column":19},"end":{"line":33,"column":1}},"line":9}},"branchMap":{},"s":{"0":0,"1":0,"2":0,"3":0},"f":{"0":0},"b":{}}
,"C:\\Users\\king1\\Desktop\\Practice\\connectedplatform\\github_reposit_new\\LGEE\\frontend\\src\\views\\HomeScreen.js": {"path":"C:\\Users\\king1\\Desktop\\Practice\\connectedplatform\\github_reposit_new\\LGEE\\frontend\\src\\views\\HomeScreen.js","statementMap":{"0":{"start":{"line":8,"column":19},"end":{"line":24,"column":1}},"1":{"start":{"line":9,"column":27},"end":{"line":9,"column":90}},"2":{"start":{"line":9,"column":42},"end":{"line":9,"column":84}},"3":{"start":{"line":10,"column":4},"end":{"line":23,"column":6}}},"fnMap":{"0":{"name":"(anonymous_0)","decl":{"start":{"line":8,"column":19},"end":{"line":8,"column":20}},"loc":{"start":{"line":8,"column":25},"end":{"line":24,"column":1}},"line":8},"1":{"name":"(anonymous_1)","decl":{"start":{"line":9,"column":35},"end":{"line":9,"column":36}},"loc":{"start":{"line":9,"column":42},"end":{"line":9,"column":84}},"line":9}},"branchMap":{},"s":{"0":1,"1":0,"2":0,"3":0},"f":{"0":0,"1":0},"b":{},"_coverageSchema":"1a1c01bbd47fc00a2c39e90264f33305004495a9","hash":"c263612861d1da5dbadafd8333f71c6c1905c8f8"}
,"C:\\Users\\king1\\Desktop\\Practice\\connectedplatform\\github_reposit_new\\LGEE\\frontend\\src\\views\\HomeState.js": {"path":"C:\\Users\\king1\\Desktop\\Practice\\connectedplatform\\github_reposit_new\\LGEE\\frontend\\src\\views\\HomeState.js","statementMap":{"0":{"start":{"line":6,"column":24},"end":{"line":19,"column":1}},"1":{"start":{"line":7,"column":34},"end":{"line":7,"column":49}},"2":{"start":{"line":9,"column":25},"end":{"line":11,"column":7}},"3":{"start":{"line":10,"column":2},"end":{"line":10,"column":18}},"4":{"start":{"line":13,"column":26},"end":{"line":16,"column":7}},"5":{"start":{"line":14,"column":2},"end":{"line":14,"column":54}},"6":{"start":{"line":15,"column":2},"end":{"line":15,"column":19}},"7":{"start":{"line":18,"column":1},"end":{"line":18,"column":57}}},"fnMap":{"0":{"name":"(anonymous_0)","decl":{"start":{"line":6,"column":24},"end":{"line":6,"column":25}},"loc":{"start":{"line":6,"column":30},"end":{"line":19,"column":1}},"line":6},"1":{"name":"(anonymous_1)","decl":{"start":{"line":9,"column":37},"end":{"line":9,"column":38}},"loc":{"start":{"line":9,"column":43},"end":{"line":11,"column":2}},"line":9},"2":{"name":"(anonymous_2)","decl":{"start":{"line":13,"column":38},"end":{"line":13,"column":39}},"loc":{"start":{"line":13,"column":44},"end":{"line":16,"column":2}},"line":13}},"branchMap":{},"s":{"0":0,"1":0,"2":0,"3":0,"4":0,"5":0,"6":0,"7":0},"f":{"0":0,"1":0,"2":0},"b":{}}
,"C:\\Users\\king1\\Desktop\\Practice\\connectedplatform\\github_reposit_new\\LGEE\\frontend\\src\\views\\LikedVideos.js": {"path":"C:\\Users\\king1\\Desktop\\Practice\\connectedplatform\\github_reposit_new\\LGEE\\frontend\\src\\views\\LikedVideos.js","statementMap":{"0":{"start":{"line":9,"column":20},"end":{"line":41,"column":1}},"1":{"start":{"line":10,"column":15},"end":{"line":10,"column":60}},"2":{"start":{"line":10,"column":40},"end":{"line":10,"column":57}},"3":{"start":{"line":12,"column":21},"end":{"line":18,"column":3}},"4":{"start":{"line":13,"column":4},"end":{"line":17,"column":8}},"5":{"start":{"line":19,"column":2},"end":{"line":40,"column":4}}},"fnMap":{"0":{"name":"(anonymous_0)","decl":{"start":{"line":9,"column":20},"end":{"line":9,"column":21}},"loc":{"start":{"line":9,"column":31},"end":{"line":41,"column":1}},"line":9},"1":{"name":"(anonymous_1)","decl":{"start":{"line":10,"column":27},"end":{"line":10,"column":28}},"loc":{"start":{"line":10,"column":38},"end":{"line":10,"column":59}},"line":10},"2":{"name":"(anonymous_2)","decl":{"start":{"line":12,"column":21},"end":{"line":12,"column":22}},"loc":{"start":{"line":12,"column":42},"end":{"line":18,"column":3}},"line":12}},"branchMap":{},"s":{"0":1,"1":0,"2":0,"3":0,"4":0,"5":0},"f":{"0":0,"1":0,"2":0},"b":{},"_coverageSchema":"1a1c01bbd47fc00a2c39e90264f33305004495a9","hash":"b477b7af0ac65dbfe9beff58d6a592d007f4e42a"}
,"C:\\Users\\king1\\Desktop\\Practice\\connectedplatform\\github_reposit_new\\LGEE\\frontend\\src\\views\\Live.js": {"path":"C:\\Users\\king1\\Desktop\\Practice\\connectedplatform\\github_reposit_new\\LGEE\\frontend\\src\\views\\Live.js","statementMap":{"0":{"start":{"line":10,"column":13},"end":{"line":38,"column":1}},"1":{"start":{"line":11,"column":17},"end":{"line":11,"column":30}},"2":{"start":{"line":12,"column":19},"end":{"line":15,"column":3}},"3":{"start":{"line":17,"column":2},"end":{"line":21,"column":9}},"4":{"start":{"line":18,"column":4},"end":{"line":20,"column":5}},"5":{"start":{"line":19,"column":6},"end":{"line":19,"column":31}},"6":{"start":{"line":23,"column":2},"end":{"line":37,"column":4}}},"fnMap":{"0":{"name":"(anonymous_0)","decl":{"start":{"line":10,"column":13},"end":{"line":10,"column":14}},"loc":{"start":{"line":10,"column":49},"end":{"line":38,"column":1}},"line":10},"1":{"name":"(anonymous_1)","decl":{"start":{"line":17,"column":12},"end":{"line":17,"column":13}},"loc":{"start":{"line":17,"column":16},"end":{"line":21,"column":3}},"line":17},"2":{"name":"(anonymous_2)","decl":{"start":{"line":18,"column":11},"end":{"line":18,"column":12}},"loc":{"start":{"line":18,"column":15},"end":{"line":20,"column":5}},"line":18}},"branchMap":{},"s":{"0":1,"1":0,"2":0,"3":0,"4":0,"5":0,"6":0},"f":{"0":0,"1":0,"2":0},"b":{},"_coverageSchema":"1a1c01bbd47fc00a2c39e90264f33305004495a9","hash":"b8a721b2f0027f32ab7a48ba1d95f98e1398bdfc"}
,"C:\\Users\\king1\\Desktop\\Practice\\connectedplatform\\github_reposit_new\\LGEE\\frontend\\src\\views\\Main.js": {"path":"C:\\Users\\king1\\Desktop\\Practice\\connectedplatform\\github_reposit_new\\LGEE\\frontend\\src\\views\\Main.js","statementMap":{"0":{"start":{"line":16,"column":13},"end":{"line":50,"column":1}},"1":{"start":{"line":17,"column":14},"end":{"line":17,"column":57}},"2":{"start":{"line":17,"column":38},"end":{"line":17,"column":55}},"3":{"start":{"line":18,"column":14},"end":{"line":18,"column":57}},"4":{"start":{"line":18,"column":38},"end":{"line":18,"column":55}},"5":{"start":{"line":19,"column":16},"end":{"line":19,"column":29}},"6":{"start":{"line":21,"column":26},"end":{"line":24,"column":7}},"7":{"start":{"line":22,"column":2},"end":{"line":22,"column":23}},"8":{"start":{"line":23,"column":4},"end":{"line":23,"column":29}},"9":{"start":{"line":25,"column":1},"end":{"line":25,"column":35}},"10":{"start":{"line":26,"column":20},"end":{"line":45,"column":11}},"11":{"start":{"line":27,"column":2},"end":{"line":44,"column":10}},"12":{"start":{"line":46,"column":1},"end":{"line":48,"column":2}},"13":{"start":{"line":47,"column":2},"end":{"line":47,"column":20}},"14":{"start":{"line":49,"column":1},"end":{"line":49,"column":85}}},"fnMap":{"0":{"name":"(anonymous_0)","decl":{"start":{"line":16,"column":13},"end":{"line":16,"column":14}},"loc":{"start":{"line":16,"column":24},"end":{"line":50,"column":1}},"line":16},"1":{"name":"(anonymous_1)","decl":{"start":{"line":17,"column":26},"end":{"line":17,"column":27}},"loc":{"start":{"line":17,"column":37},"end":{"line":17,"column":56}},"line":17},"2":{"name":"(anonymous_2)","decl":{"start":{"line":18,"column":26},"end":{"line":18,"column":27}},"loc":{"start":{"line":18,"column":37},"end":{"line":18,"column":56}},"line":18},"3":{"name":"(anonymous_3)","decl":{"start":{"line":21,"column":38},"end":{"line":21,"column":39}},"loc":{"start":{"line":21,"column":42},"end":{"line":24,"column":2}},"line":21},"4":{"name":"(anonymous_4)","decl":{"start":{"line":26,"column":28},"end":{"line":26,"column":29}},"loc":{"start":{"line":27,"column":2},"end":{"line":44,"column":10}},"line":27}},"branchMap":{"0":{"loc":{"start":{"line":46,"column":1},"end":{"line":48,"column":2}},"type":"if","locations":[{"start":{"line":46,"column":1},"end":{"line":48,"column":2}},{"start":{},"end":{}}],"line":46}},"s":{"0":1,"1":0,"2":0,"3":0,"4":0,"5":0,"6":0,"7":0,"8":0,"9":0,"10":0,"11":0,"12":0,"13":0,"14":0},"f":{"0":0,"1":0,"2":0,"3":0,"4":0},"b":{"0":[0,0]},"_coverageSchema":"1a1c01bbd47fc00a2c39e90264f33305004495a9","hash":"d797aeccb1fc8be18eb9fbdc42300d9f1af4ced4"}
,"C:\\Users\\king1\\Desktop\\Practice\\connectedplatform\\github_reposit_new\\LGEE\\frontend\\src\\views\\NotFound.js": {"path":"C:\\Users\\king1\\Desktop\\Practice\\connectedplatform\\github_reposit_new\\LGEE\\frontend\\src\\views\\NotFound.js","statementMap":{"0":{"start":{"line":4,"column":17},"end":{"line":12,"column":1}},"1":{"start":{"line":5,"column":2},"end":{"line":11,"column":4}}},"fnMap":{"0":{"name":"(anonymous_0)","decl":{"start":{"line":4,"column":17},"end":{"line":4,"column":18}},"loc":{"start":{"line":4,"column":26},"end":{"line":12,"column":1}},"line":4},"1":{"name":"(anonymous_1)","decl":{"start":{"line":6,"column":21},"end":{"line":6,"column":22}},"loc":{"start":{"line":6,"column":25},"end":{"line":6,"column":27}},"line":6}},"branchMap":{},"s":{"0":0,"1":0},"f":{"0":0,"1":0},"b":{}}
,"C:\\Users\\king1\\Desktop\\Practice\\connectedplatform\\github_reposit_new\\LGEE\\frontend\\src\\views\\Video.js": {"path":"C:\\Users\\king1\\Desktop\\Practice\\connectedplatform\\github_reposit_new\\LGEE\\frontend\\src\\views\\Video.js","statementMap":{"0":{"start":{"line":5,"column":14},"end":{"line":51,"column":1}},"1":{"start":{"line":6,"column":1},"end":{"line":50,"column":3}}},"fnMap":{"0":{"name":"(anonymous_0)","decl":{"start":{"line":5,"column":14},"end":{"line":5,"column":15}},"loc":{"start":{"line":5,"column":24},"end":{"line":51,"column":1}},"line":5}},"branchMap":{},"s":{"0":1,"1":0},"f":{"0":0},"b":{},"_coverageSchema":"1a1c01bbd47fc00a2c39e90264f33305004495a9","hash":"a0314ed9c31719f59b4ee9d141d05e7a1dbb6e79"}
}
